
Train on Epoch 1

Train on Epoch 1
Epoch [1/60], Step [25/655],                         Loss: 0.3153, mIoU: 0.4605
Epoch [1/60], Step [50/655],                         Loss: 0.233, mIoU: 0.4685
Epoch [1/60], Step [75/655],                         Loss: 0.4538, mIoU: 0.4842
Epoch [1/60], Step [100/655],                         Loss: 0.1497, mIoU: 0.483
Epoch [1/60], Step [125/655],                         Loss: 0.4394, mIoU: 0.4749
Epoch [1/60], Step [150/655],                         Loss: 0.4379, mIoU: 0.4834
Epoch [1/60], Step [175/655],                         Loss: 0.2549, mIoU: 0.483
Epoch [1/60], Step [200/655],                         Loss: 0.5658, mIoU: 0.4833
Epoch [1/60], Step [225/655],                         Loss: 0.1539, mIoU: 0.4875
Epoch [1/60], Step [250/655],                         Loss: 0.2832, mIoU: 0.4881
Epoch [1/60], Step [275/655],                         Loss: 0.2095, mIoU: 0.4842
Epoch [1/60], Step [300/655],                         Loss: 0.5797, mIoU: 0.4844
Epoch [1/60], Step [325/655],                         Loss: 0.519, mIoU: 0.4816
Epoch [1/60], Step [350/655],                         Loss: 0.1353, mIoU: 0.4803
Epoch [1/60], Step [375/655],                         Loss: 0.2754, mIoU: 0.4811
Epoch [1/60], Step [400/655],                         Loss: 0.1688, mIoU: 0.4829
Epoch [1/60], Step [425/655],                         Loss: 0.2917, mIoU: 0.4834
Epoch [1/60], Step [450/655],                         Loss: 0.1628, mIoU: 0.4828
Epoch [1/60], Step [475/655],                         Loss: 0.2897, mIoU: 0.4834
Epoch [1/60], Step [500/655],                         Loss: 0.1484, mIoU: 0.4855
Epoch [1/60], Step [525/655],                         Loss: 0.2784, mIoU: 0.4892
Epoch [1/60], Step [550/655],                         Loss: 0.2184, mIoU: 0.4881
Epoch [1/60], Step [575/655],                         Loss: 0.2666, mIoU: 0.4865
Epoch [1/60], Step [600/655],                         Loss: 0.2163, mIoU: 0.4852
Epoch [1/60], Step [625/655],                         Loss: 0.247, mIoU: 0.4874
Epoch [1/60], Step [650/655],                         Loss: 0.3566, mIoU: 0.4849

Train on Epoch 1
Epoch [1/60], Step [25/655],                         Loss: 0.3153, mIoU: 0.4605
Epoch [1/60], Step [50/655],                         Loss: 0.233, mIoU: 0.4685
Epoch [1/60], Step [75/655],                         Loss: 0.4538, mIoU: 0.4842
Epoch [1/60], Step [100/655],                         Loss: 0.1497, mIoU: 0.483
Epoch [1/60], Step [125/655],                         Loss: 0.4394, mIoU: 0.4749
Epoch [1/60], Step [150/655],                         Loss: 0.4379, mIoU: 0.4834
Epoch [1/60], Step [175/655],                         Loss: 0.2549, mIoU: 0.483
Epoch [1/60], Step [200/655],                         Loss: 0.5658, mIoU: 0.4833
Epoch [1/60], Step [225/655],                         Loss: 0.1539, mIoU: 0.4875
Epoch [1/60], Step [250/655],                         Loss: 0.2832, mIoU: 0.4881
Epoch [1/60], Step [275/655],                         Loss: 0.2095, mIoU: 0.4842
Epoch [1/60], Step [300/655],                         Loss: 0.5797, mIoU: 0.4844
Epoch [1/60], Step [325/655],                         Loss: 0.519, mIoU: 0.4816
Epoch [1/60], Step [350/655],                         Loss: 0.1353, mIoU: 0.4803
Epoch [1/60], Step [375/655],                         Loss: 0.2754, mIoU: 0.4811
Epoch [1/60], Step [400/655],                         Loss: 0.1688, mIoU: 0.4829
Epoch [1/60], Step [425/655],                         Loss: 0.2917, mIoU: 0.4834
Epoch [1/60], Step [450/655],                         Loss: 0.1628, mIoU: 0.4828
Epoch [1/60], Step [475/655],                         Loss: 0.2897, mIoU: 0.4834
Epoch [1/60], Step [500/655],                         Loss: 0.1484, mIoU: 0.4855
Epoch [1/60], Step [525/655],                         Loss: 0.2784, mIoU: 0.4892
Epoch [1/60], Step [550/655],                         Loss: 0.2184, mIoU: 0.4881
Epoch [1/60], Step [575/655],                         Loss: 0.2666, mIoU: 0.4865
Epoch [1/60], Step [600/655],                         Loss: 0.2163, mIoU: 0.4852
Epoch [1/60], Step [625/655],                         Loss: 0.247, mIoU: 0.4874
Epoch [1/60], Step [650/655],                         Loss: 0.3566, mIoU: 0.4849

Validation on Epoch 2
Validation #1  Average Loss: 0.299, Accuracy : 0.9246,                 mIoU: 0.4637
IoU by class : [{'Backgroud': 0.9629}, {'General trash': 0.3841}, {'Paper': 0.7659}, {'Paper pack': 0.3675}, {'Metal': 0.234}, {'Glass': 0.397}, {'Plastic': 0.4365}, {'Styrofoam': 0.7384}, {'Plastic bag': 0.8147}, {'Battery': 0.0}, {'Clothing': 0.0}]

Train on Epoch 2
Epoch [2/60], Step [25/655],                         Loss: 0.2038, mIoU: 0.5318
Epoch [2/60], Step [50/655],                         Loss: 0.1565, mIoU: 0.5195
Epoch [2/60], Step [75/655],                         Loss: 0.1113, mIoU: 0.5063
Epoch [2/60], Step [100/655],                         Loss: 0.3085, mIoU: 0.5034
Epoch [2/60], Step [125/655],                         Loss: 0.1722, mIoU: 0.5067
Epoch [2/60], Step [150/655],                         Loss: 0.3566, mIoU: 0.5131
Epoch [2/60], Step [175/655],                         Loss: 0.3516, mIoU: 0.5093
Epoch [2/60], Step [200/655],                         Loss: 0.3017, mIoU: 0.5059
Epoch [2/60], Step [225/655],                         Loss: 0.2071, mIoU: 0.5065
Epoch [2/60], Step [250/655],                         Loss: 0.2885, mIoU: 0.5081
Epoch [2/60], Step [275/655],                         Loss: 0.3081, mIoU: 0.5126
Epoch [2/60], Step [300/655],                         Loss: 0.1437, mIoU: 0.5103
Epoch [2/60], Step [325/655],                         Loss: 0.2273, mIoU: 0.5093
Epoch [2/60], Step [350/655],                         Loss: 0.3138, mIoU: 0.5093
Epoch [2/60], Step [375/655],                         Loss: 0.2197, mIoU: 0.5098
Epoch [2/60], Step [400/655],                         Loss: 0.4155, mIoU: 0.5099
Epoch [2/60], Step [425/655],                         Loss: 0.1673, mIoU: 0.511
Epoch [2/60], Step [450/655],                         Loss: 0.3264, mIoU: 0.5099
Epoch [2/60], Step [475/655],                         Loss: 0.3474, mIoU: 0.5057
Epoch [2/60], Step [500/655],                         Loss: 0.1847, mIoU: 0.5033
Epoch [2/60], Step [525/655],                         Loss: 0.4822, mIoU: 0.5004
Epoch [2/60], Step [550/655],                         Loss: 0.5123, mIoU: 0.4996
Epoch [2/60], Step [575/655],                         Loss: 0.2983, mIoU: 0.5002
Epoch [2/60], Step [600/655],                         Loss: 0.1394, mIoU: 0.5011
Epoch [2/60], Step [625/655],                         Loss: 0.1779, mIoU: 0.5034
Epoch [2/60], Step [650/655],                         Loss: 0.1276, mIoU: 0.5019

Validation on Epoch 3
Validation #2  Average Loss: 0.2546, Accuracy : 0.9349,                 mIoU: 0.5042
IoU by class : [{'Backgroud': 0.9663}, {'General trash': 0.4666}, {'Paper': 0.811}, {'Paper pack': 0.512}, {'Metal': 0.33}, {'Glass': 0.3767}, {'Plastic': 0.4742}, {'Styrofoam': 0.7676}, {'Plastic bag': 0.8423}, {'Battery': 0.0}, {'Clothing': 0.0}]

Train on Epoch 3
Epoch [3/60], Step [25/655],                         Loss: 0.1542, mIoU: 0.5591
Epoch [3/60], Step [50/655],                         Loss: 0.5157, mIoU: 0.5375
Epoch [3/60], Step [75/655],                         Loss: 0.4042, mIoU: 0.5265
Epoch [3/60], Step [100/655],                         Loss: 0.2133, mIoU: 0.5245
Epoch [3/60], Step [125/655],                         Loss: 0.2184, mIoU: 0.5134
Epoch [3/60], Step [150/655],                         Loss: 0.1972, mIoU: 0.5102
Epoch [3/60], Step [175/655],                         Loss: 0.2168, mIoU: 0.5191
Epoch [3/60], Step [200/655],                         Loss: 0.3936, mIoU: 0.5186
Epoch [3/60], Step [225/655],                         Loss: 0.2383, mIoU: 0.5216
Epoch [3/60], Step [250/655],                         Loss: 0.1421, mIoU: 0.5241
Epoch [3/60], Step [275/655],                         Loss: 0.2558, mIoU: 0.5254
Epoch [3/60], Step [300/655],                         Loss: 0.3578, mIoU: 0.5243
Epoch [3/60], Step [325/655],                         Loss: 0.5561, mIoU: 0.5225
Epoch [3/60], Step [350/655],                         Loss: 0.3083, mIoU: 0.5221
Epoch [3/60], Step [375/655],                         Loss: 0.1007, mIoU: 0.5239
Epoch [3/60], Step [400/655],                         Loss: 0.3409, mIoU: 0.5232
Epoch [3/60], Step [425/655],                         Loss: 0.4421, mIoU: 0.5218
Epoch [3/60], Step [450/655],                         Loss: 0.2662, mIoU: 0.5216
Epoch [3/60], Step [475/655],                         Loss: 0.1485, mIoU: 0.5205
Epoch [3/60], Step [500/655],                         Loss: 0.1982, mIoU: 0.5206
Epoch [3/60], Step [525/655],                         Loss: 0.2412, mIoU: 0.5198
Epoch [3/60], Step [550/655],                         Loss: 0.1856, mIoU: 0.52
Epoch [3/60], Step [575/655],                         Loss: 0.26, mIoU: 0.5197
Epoch [3/60], Step [600/655],                         Loss: 0.554, mIoU: 0.5178
Epoch [3/60], Step [625/655],                         Loss: 0.1364, mIoU: 0.5178
Epoch [3/60], Step [650/655],                         Loss: 0.1213, mIoU: 0.5166

Validation on Epoch 4
Validation #3  Average Loss: 0.2232, Accuracy : 0.9465,                 mIoU: 0.5456
IoU by class : [{'Backgroud': 0.9713}, {'General trash': 0.5541}, {'Paper': 0.8441}, {'Paper pack': 0.5391}, {'Metal': 0.443}, {'Glass': 0.4206}, {'Plastic': 0.555}, {'Styrofoam': 0.7977}, {'Plastic bag': 0.8772}, {'Battery': 0.0}, {'Clothing': 0.0}]

Train on Epoch 4
Epoch [4/60], Step [25/655],                         Loss: 0.1739, mIoU: 0.5917
Epoch [4/60], Step [50/655],                         Loss: 0.1742, mIoU: 0.5714
Epoch [4/60], Step [75/655],                         Loss: 0.4075, mIoU: 0.5503
Epoch [4/60], Step [100/655],                         Loss: 0.1252, mIoU: 0.5482
Epoch [4/60], Step [125/655],                         Loss: 0.104, mIoU: 0.5491
Epoch [4/60], Step [150/655],                         Loss: 0.09, mIoU: 0.5521
Epoch [4/60], Step [175/655],                         Loss: 0.3158, mIoU: 0.5549
Epoch [4/60], Step [200/655],                         Loss: 0.3165, mIoU: 0.5498
Epoch [4/60], Step [225/655],                         Loss: 0.2212, mIoU: 0.5418
Epoch [4/60], Step [250/655],                         Loss: 0.6527, mIoU: 0.5395
Epoch [4/60], Step [275/655],                         Loss: 0.1198, mIoU: 0.5385
Epoch [4/60], Step [300/655],                         Loss: 0.2916, mIoU: 0.5406
Epoch [4/60], Step [325/655],                         Loss: 0.147, mIoU: 0.545
Epoch [4/60], Step [350/655],                         Loss: 0.1673, mIoU: 0.5453
Epoch [4/60], Step [375/655],                         Loss: 0.1374, mIoU: 0.5468
Epoch [4/60], Step [400/655],                         Loss: 0.4682, mIoU: 0.5441
Epoch [4/60], Step [425/655],                         Loss: 0.1348, mIoU: 0.5397
Epoch [4/60], Step [450/655],                         Loss: 0.238, mIoU: 0.5372
Epoch [4/60], Step [475/655],                         Loss: 0.464, mIoU: 0.5355
Epoch [4/60], Step [500/655],                         Loss: 0.1735, mIoU: 0.5359
Epoch [4/60], Step [525/655],                         Loss: 0.1505, mIoU: 0.5349
Epoch [4/60], Step [550/655],                         Loss: 0.1896, mIoU: 0.5351
Epoch [4/60], Step [575/655],                         Loss: 0.2809, mIoU: 0.5357
Epoch [4/60], Step [600/655],                         Loss: 0.1477, mIoU: 0.5338
Epoch [4/60], Step [625/655],                         Loss: 0.1899, mIoU: 0.5321
Epoch [4/60], Step [650/655],                         Loss: 0.4548, mIoU: 0.5332

Validation on Epoch 5
Validation #4  Average Loss: 0.2118, Accuracy : 0.9498,                 mIoU: 0.564
IoU by class : [{'Backgroud': 0.9725}, {'General trash': 0.5566}, {'Paper': 0.8341}, {'Paper pack': 0.4907}, {'Metal': 0.5388}, {'Glass': 0.4995}, {'Plastic': 0.6235}, {'Styrofoam': 0.8074}, {'Plastic bag': 0.881}, {'Battery': 0.0}, {'Clothing': 0.0}]

Train on Epoch 5
Epoch [5/60], Step [25/655],                         Loss: 0.2313, mIoU: 0.5488
Epoch [5/60], Step [50/655],                         Loss: 0.1786, mIoU: 0.5656
Epoch [5/60], Step [75/655],                         Loss: 0.3528, mIoU: 0.5625
Epoch [5/60], Step [100/655],                         Loss: 0.3594, mIoU: 0.5612
Epoch [5/60], Step [125/655],                         Loss: 0.1539, mIoU: 0.5594
Epoch [5/60], Step [150/655],                         Loss: 0.2078, mIoU: 0.5665
Epoch [5/60], Step [175/655],                         Loss: 0.0771, mIoU: 0.5604
Epoch [5/60], Step [200/655],                         Loss: 0.3921, mIoU: 0.5616
Epoch [5/60], Step [225/655],                         Loss: 0.1973, mIoU: 0.5607
Epoch [5/60], Step [250/655],                         Loss: 0.3518, mIoU: 0.5619
Epoch [5/60], Step [275/655],                         Loss: 0.2456, mIoU: 0.5588
Epoch [5/60], Step [300/655],                         Loss: 0.1253, mIoU: 0.5584
Epoch [5/60], Step [325/655],                         Loss: 0.1441, mIoU: 0.5614
Epoch [5/60], Step [350/655],                         Loss: 0.2567, mIoU: 0.5607
Epoch [5/60], Step [375/655],                         Loss: 0.3085, mIoU: 0.5543
Epoch [5/60], Step [400/655],                         Loss: 0.2219, mIoU: 0.5543
Epoch [5/60], Step [425/655],                         Loss: 0.0959, mIoU: 0.5547
Epoch [5/60], Step [450/655],                         Loss: 0.1404, mIoU: 0.554
Epoch [5/60], Step [475/655],                         Loss: 0.3137, mIoU: 0.5536
Epoch [5/60], Step [500/655],                         Loss: 0.1263, mIoU: 0.5511
Epoch [5/60], Step [525/655],                         Loss: 0.1902, mIoU: 0.55
Epoch [5/60], Step [550/655],                         Loss: 0.7437, mIoU: 0.5492
Epoch [5/60], Step [575/655],                         Loss: 0.189, mIoU: 0.5484
Epoch [5/60], Step [600/655],                         Loss: 0.0981, mIoU: 0.5486
Epoch [5/60], Step [625/655],                         Loss: 0.1587, mIoU: 0.5493
Epoch [5/60], Step [650/655],                         Loss: 0.2449, mIoU: 0.5483

Validation on Epoch 6
Validation #5  Average Loss: 0.2067, Accuracy : 0.9505,                 mIoU: 0.5638
IoU by class : [{'Backgroud': 0.9698}, {'General trash': 0.5572}, {'Paper': 0.8538}, {'Paper pack': 0.4297}, {'Metal': 0.5493}, {'Glass': 0.4995}, {'Plastic': 0.631}, {'Styrofoam': 0.8244}, {'Plastic bag': 0.8876}, {'Battery': 0.0}, {'Clothing': 0.0}]

Train on Epoch 6
Epoch [6/60], Step [25/655],                         Loss: 0.3423, mIoU: 0.4923
Epoch [6/60], Step [50/655],                         Loss: 0.2356, mIoU: 0.5394
Epoch [6/60], Step [75/655],                         Loss: 0.1417, mIoU: 0.5506
Epoch [6/60], Step [100/655],                         Loss: 0.1933, mIoU: 0.5734
Epoch [6/60], Step [125/655],                         Loss: 0.2335, mIoU: 0.5688
Epoch [6/60], Step [150/655],                         Loss: 0.1006, mIoU: 0.5666
Epoch [6/60], Step [175/655],                         Loss: 0.304, mIoU: 0.5678
Epoch [6/60], Step [200/655],                         Loss: 0.3139, mIoU: 0.5728
Epoch [6/60], Step [225/655],                         Loss: 0.4542, mIoU: 0.5669
Epoch [6/60], Step [250/655],                         Loss: 0.2138, mIoU: 0.5659
Epoch [6/60], Step [275/655],                         Loss: 0.2694, mIoU: 0.5659
Epoch [6/60], Step [300/655],                         Loss: 0.4271, mIoU: 0.5711
Epoch [6/60], Step [325/655],                         Loss: 0.1451, mIoU: 0.5719
Epoch [6/60], Step [350/655],                         Loss: 0.1845, mIoU: 0.5692
Epoch [6/60], Step [375/655],                         Loss: 0.4116, mIoU: 0.5654
Epoch [6/60], Step [400/655],                         Loss: 0.1183, mIoU: 0.5669
Epoch [6/60], Step [425/655],                         Loss: 0.2967, mIoU: 0.5618
Epoch [6/60], Step [450/655],                         Loss: 0.1237, mIoU: 0.5614
Epoch [6/60], Step [475/655],                         Loss: 0.2274, mIoU: 0.5616
Epoch [6/60], Step [500/655],                         Loss: 0.1439, mIoU: 0.563
Epoch [6/60], Step [525/655],                         Loss: 0.1667, mIoU: 0.5625
Epoch [6/60], Step [550/655],                         Loss: 0.2075, mIoU: 0.5635
Epoch [6/60], Step [575/655],                         Loss: 0.2059, mIoU: 0.5622
Epoch [6/60], Step [600/655],                         Loss: 0.2231, mIoU: 0.5625
Epoch [6/60], Step [625/655],                         Loss: 0.3036, mIoU: 0.5594
Epoch [6/60], Step [650/655],                         Loss: 0.2218, mIoU: 0.5596

Validation on Epoch 7
Validation #6  Average Loss: 0.1785, Accuracy : 0.9576,                 mIoU: 0.6038
IoU by class : [{'Backgroud': 0.9745}, {'General trash': 0.6479}, {'Paper': 0.8726}, {'Paper pack': 0.6386}, {'Metal': 0.5746}, {'Glass': 0.545}, {'Plastic': 0.6522}, {'Styrofoam': 0.8414}, {'Plastic bag': 0.895}, {'Battery': 0.0}, {'Clothing': 0.0}]

Train on Epoch 7
Epoch [7/60], Step [25/655],                         Loss: 0.1891, mIoU: 0.5527
Epoch [7/60], Step [50/655],                         Loss: 0.1969, mIoU: 0.5559
Epoch [7/60], Step [75/655],                         Loss: 0.1557, mIoU: 0.552
Epoch [7/60], Step [100/655],                         Loss: 0.1417, mIoU: 0.5477
Epoch [7/60], Step [125/655],                         Loss: 0.1909, mIoU: 0.5483
Epoch [7/60], Step [150/655],                         Loss: 0.1952, mIoU: 0.5538
Epoch [7/60], Step [175/655],                         Loss: 0.153, mIoU: 0.5574
Epoch [7/60], Step [200/655],                         Loss: 0.28, mIoU: 0.5642
Epoch [7/60], Step [225/655],                         Loss: 0.5714, mIoU: 0.5614
Epoch [7/60], Step [250/655],                         Loss: 0.3185, mIoU: 0.5642
Epoch [7/60], Step [275/655],                         Loss: 0.2799, mIoU: 0.5646
Epoch [7/60], Step [300/655],                         Loss: 0.1982, mIoU: 0.5615
Epoch [7/60], Step [325/655],                         Loss: 0.1842, mIoU: 0.5629
Epoch [7/60], Step [350/655],                         Loss: 0.1013, mIoU: 0.5605
Epoch [7/60], Step [375/655],                         Loss: 0.2016, mIoU: 0.5613
Epoch [7/60], Step [400/655],                         Loss: 0.1112, mIoU: 0.561
Epoch [7/60], Step [425/655],                         Loss: 0.2285, mIoU: 0.5623
Epoch [7/60], Step [450/655],                         Loss: 0.1698, mIoU: 0.5646
Epoch [7/60], Step [475/655],                         Loss: 0.1894, mIoU: 0.5659
Epoch [7/60], Step [500/655],                         Loss: 0.1289, mIoU: 0.5685
Epoch [7/60], Step [525/655],                         Loss: 0.1391, mIoU: 0.5693
Epoch [7/60], Step [550/655],                         Loss: 0.1977, mIoU: 0.5717
Epoch [7/60], Step [575/655],                         Loss: 0.1798, mIoU: 0.5723
Epoch [7/60], Step [600/655],                         Loss: 0.2469, mIoU: 0.5745
Epoch [7/60], Step [625/655],                         Loss: 0.1631, mIoU: 0.5747
Epoch [7/60], Step [650/655],                         Loss: 0.1135, mIoU: 0.5747

Validation on Epoch 8
Validation #7  Average Loss: 0.1696, Accuracy : 0.9594,                 mIoU: 0.6248
IoU by class : [{'Backgroud': 0.9749}, {'General trash': 0.6238}, {'Paper': 0.8796}, {'Paper pack': 0.6988}, {'Metal': 0.7246}, {'Glass': 0.5498}, {'Plastic': 0.6646}, {'Styrofoam': 0.8566}, {'Plastic bag': 0.8995}, {'Battery': 0.0}, {'Clothing': 0.0}]

Train on Epoch 8
Epoch [8/60], Step [25/655],                         Loss: 0.1111, mIoU: 0.5453
Epoch [8/60], Step [50/655],                         Loss: 0.1168, mIoU: 0.5804
Epoch [8/60], Step [75/655],                         Loss: 0.1896, mIoU: 0.5932
Epoch [8/60], Step [100/655],                         Loss: 0.1193, mIoU: 0.6004
Epoch [8/60], Step [125/655],                         Loss: 0.4549, mIoU: 0.5952
Epoch [8/60], Step [150/655],                         Loss: 0.1455, mIoU: 0.5841
Epoch [8/60], Step [175/655],                         Loss: 0.1343, mIoU: 0.577
Epoch [8/60], Step [200/655],                         Loss: 0.5418, mIoU: 0.5713
Epoch [8/60], Step [225/655],                         Loss: 0.3267, mIoU: 0.5643
Epoch [8/60], Step [250/655],                         Loss: 0.2617, mIoU: 0.5659
Epoch [8/60], Step [275/655],                         Loss: 0.3812, mIoU: 0.5685
Epoch [8/60], Step [300/655],                         Loss: 0.2755, mIoU: 0.5674
Epoch [8/60], Step [325/655],                         Loss: 0.1344, mIoU: 0.5679
Epoch [8/60], Step [350/655],                         Loss: 0.1975, mIoU: 0.5655
Epoch [8/60], Step [375/655],                         Loss: 0.1907, mIoU: 0.5641
Epoch [8/60], Step [400/655],                         Loss: 0.1849, mIoU: 0.5666
Epoch [8/60], Step [425/655],                         Loss: 0.1874, mIoU: 0.5671
Epoch [8/60], Step [450/655],                         Loss: 0.3934, mIoU: 0.5669
Epoch [8/60], Step [475/655],                         Loss: 0.4791, mIoU: 0.569
Epoch [8/60], Step [500/655],                         Loss: 0.2679, mIoU: 0.5701
Epoch [8/60], Step [525/655],                         Loss: 0.1179, mIoU: 0.5693
Epoch [8/60], Step [550/655],                         Loss: 0.2139, mIoU: 0.5667
Epoch [8/60], Step [575/655],                         Loss: 0.1771, mIoU: 0.568
Epoch [8/60], Step [600/655],                         Loss: 0.1514, mIoU: 0.5685
Epoch [8/60], Step [625/655],                         Loss: 0.2491, mIoU: 0.5706
Epoch [8/60], Step [650/655],                         Loss: 0.1739, mIoU: 0.5697

Validation on Epoch 9
Validation #8  Average Loss: 0.1707, Accuracy : 0.9603,                 mIoU: 0.6309
IoU by class : [{'Backgroud': 0.9763}, {'General trash': 0.6507}, {'Paper': 0.8712}, {'Paper pack': 0.6476}, {'Metal': 0.7779}, {'Glass': 0.5769}, {'Plastic': 0.6901}, {'Styrofoam': 0.8529}, {'Plastic bag': 0.8961}, {'Battery': 0.0}, {'Clothing': 0.0}]

Train on Epoch 9
Epoch [9/60], Step [25/655],                         Loss: 0.09, mIoU: 0.5702
Epoch [9/60], Step [50/655],                         Loss: 0.3342, mIoU: 0.5648
Epoch [9/60], Step [75/655],                         Loss: 0.2346, mIoU: 0.5744
Epoch [9/60], Step [100/655],                         Loss: 0.1168, mIoU: 0.5842
Epoch [9/60], Step [125/655],                         Loss: 0.1917, mIoU: 0.5917
Epoch [9/60], Step [150/655],                         Loss: 0.2484, mIoU: 0.5883
Epoch [9/60], Step [175/655],                         Loss: 0.1458, mIoU: 0.591
Epoch [9/60], Step [200/655],                         Loss: 0.1308, mIoU: 0.5966
Epoch [9/60], Step [225/655],                         Loss: 0.1214, mIoU: 0.5955
Epoch [9/60], Step [250/655],                         Loss: 0.1186, mIoU: 0.5963
Epoch [9/60], Step [275/655],                         Loss: 0.2352, mIoU: 0.5942
Epoch [9/60], Step [300/655],                         Loss: 0.1963, mIoU: 0.5936
Epoch [9/60], Step [325/655],                         Loss: 0.113, mIoU: 0.5933
Epoch [9/60], Step [350/655],                         Loss: 0.1281, mIoU: 0.5922
Epoch [9/60], Step [375/655],                         Loss: 0.2617, mIoU: 0.5915
Epoch [9/60], Step [400/655],                         Loss: 0.1066, mIoU: 0.5918
Epoch [9/60], Step [425/655],                         Loss: 0.0473, mIoU: 0.5927
Epoch [9/60], Step [450/655],                         Loss: 0.1511, mIoU: 0.5927
Epoch [9/60], Step [475/655],                         Loss: 0.0938, mIoU: 0.5919
Epoch [9/60], Step [500/655],                         Loss: 0.245, mIoU: 0.5899
Epoch [9/60], Step [525/655],                         Loss: 0.1005, mIoU: 0.5881
Epoch [9/60], Step [550/655],                         Loss: 0.1116, mIoU: 0.5869
Epoch [9/60], Step [575/655],                         Loss: 0.1398, mIoU: 0.5862
Epoch [9/60], Step [600/655],                         Loss: 0.2057, mIoU: 0.5879
Epoch [9/60], Step [625/655],                         Loss: 0.2633, mIoU: 0.5897
Epoch [9/60], Step [650/655],                         Loss: 0.2345, mIoU: 0.5906

Validation on Epoch 10
Validation #9  Average Loss: 0.1455, Accuracy : 0.9662,                 mIoU: 0.6573
IoU by class : [{'Backgroud': 0.9781}, {'General trash': 0.7534}, {'Paper': 0.8945}, {'Paper pack': 0.7367}, {'Metal': 0.7451}, {'Glass': 0.5898}, {'Plastic': 0.7506}, {'Styrofoam': 0.8701}, {'Plastic bag': 0.9123}, {'Battery': 0.0}, {'Clothing': 0.0001}]

Train on Epoch 10
Epoch [10/60], Step [25/655],                         Loss: 0.1783, mIoU: 0.6077
Epoch [10/60], Step [50/655],                         Loss: 0.1713, mIoU: 0.6202
Epoch [10/60], Step [75/655],                         Loss: 0.2118, mIoU: 0.6098
Epoch [10/60], Step [100/655],                         Loss: 0.1743, mIoU: 0.6026
Epoch [10/60], Step [125/655],                         Loss: 0.162, mIoU: 0.599
Epoch [10/60], Step [150/655],                         Loss: 0.2606, mIoU: 0.5931
Epoch [10/60], Step [175/655],                         Loss: 0.1654, mIoU: 0.5979
Epoch [10/60], Step [200/655],                         Loss: 0.0899, mIoU: 0.5965
Epoch [10/60], Step [225/655],                         Loss: 0.2505, mIoU: 0.5941
Epoch [10/60], Step [250/655],                         Loss: 0.1772, mIoU: 0.5955
Epoch [10/60], Step [275/655],                         Loss: 0.2392, mIoU: 0.5959
Epoch [10/60], Step [300/655],                         Loss: 0.1651, mIoU: 0.5975
Epoch [10/60], Step [325/655],                         Loss: 0.2165, mIoU: 0.5997
Epoch [10/60], Step [350/655],                         Loss: 0.3558, mIoU: 0.5977
Epoch [10/60], Step [375/655],                         Loss: 0.0743, mIoU: 0.5975
Epoch [10/60], Step [400/655],                         Loss: 0.1713, mIoU: 0.5987
Epoch [10/60], Step [425/655],                         Loss: 0.1416, mIoU: 0.6001
Epoch [10/60], Step [450/655],                         Loss: 0.0811, mIoU: 0.5996
Epoch [10/60], Step [475/655],                         Loss: 0.3506, mIoU: 0.5968
Epoch [10/60], Step [500/655],                         Loss: 0.1704, mIoU: 0.5954
Epoch [10/60], Step [525/655],                         Loss: 0.2927, mIoU: 0.5959
Epoch [10/60], Step [550/655],                         Loss: 0.1317, mIoU: 0.5963
Epoch [10/60], Step [575/655],                         Loss: 0.1562, mIoU: 0.5962
Epoch [10/60], Step [600/655],                         Loss: 0.4674, mIoU: 0.5952
Epoch [10/60], Step [625/655],                         Loss: 0.0863, mIoU: 0.5973
Epoch [10/60], Step [650/655],                         Loss: 0.1817, mIoU: 0.5961

Validation on Epoch 11
Validation #10  Average Loss: 0.145, Accuracy : 0.9659,                 mIoU: 0.6608
IoU by class : [{'Backgroud': 0.9797}, {'General trash': 0.7458}, {'Paper': 0.903}, {'Paper pack': 0.7969}, {'Metal': 0.7762}, {'Glass': 0.5702}, {'Plastic': 0.712}, {'Styrofoam': 0.883}, {'Plastic bag': 0.9012}, {'Battery': 0.0}, {'Clothing': 0.0003}]

Train on Epoch 11
Epoch [11/60], Step [25/655],                         Loss: 0.3731, mIoU: 0.5825
Epoch [11/60], Step [50/655],                         Loss: 0.2917, mIoU: 0.5905
Epoch [11/60], Step [75/655],                         Loss: 0.0922, mIoU: 0.5899
Epoch [11/60], Step [100/655],                         Loss: 0.2117, mIoU: 0.5947
Epoch [11/60], Step [125/655],                         Loss: 0.2346, mIoU: 0.5919
Epoch [11/60], Step [150/655],                         Loss: 0.1367, mIoU: 0.5983
Epoch [11/60], Step [175/655],                         Loss: 0.1013, mIoU: 0.5977
Epoch [11/60], Step [200/655],                         Loss: 0.236, mIoU: 0.5981
Epoch [11/60], Step [225/655],                         Loss: 0.2304, mIoU: 0.6008
Epoch [11/60], Step [250/655],                         Loss: 0.069, mIoU: 0.6053
Epoch [11/60], Step [275/655],                         Loss: 0.4126, mIoU: 0.6043
Epoch [11/60], Step [300/655],                         Loss: 0.2003, mIoU: 0.6038
Epoch [11/60], Step [325/655],                         Loss: 0.0935, mIoU: 0.606
Epoch [11/60], Step [350/655],                         Loss: 0.0744, mIoU: 0.6034
Epoch [11/60], Step [375/655],                         Loss: 0.2368, mIoU: 0.6035
Epoch [11/60], Step [400/655],                         Loss: 0.1906, mIoU: 0.608
Epoch [11/60], Step [425/655],                         Loss: 0.1553, mIoU: 0.6066
Epoch [11/60], Step [450/655],                         Loss: 0.1635, mIoU: 0.6071
Epoch [11/60], Step [475/655],                         Loss: 0.1357, mIoU: 0.6058
Epoch [11/60], Step [500/655],                         Loss: 0.155, mIoU: 0.6047
Epoch [11/60], Step [525/655],                         Loss: 0.168, mIoU: 0.6073
Epoch [11/60], Step [550/655],                         Loss: 0.2217, mIoU: 0.6071
Epoch [11/60], Step [575/655],                         Loss: 0.1545, mIoU: 0.6063
Epoch [11/60], Step [600/655],                         Loss: 0.1917, mIoU: 0.6076
Epoch [11/60], Step [625/655],                         Loss: 0.2159, mIoU: 0.6089
Epoch [11/60], Step [650/655],                         Loss: 0.2131, mIoU: 0.6065

Validation on Epoch 12
Validation #11  Average Loss: 0.1565, Accuracy : 0.9614,                 mIoU: 0.6005
IoU by class : [{'Backgroud': 0.979}, {'General trash': 0.7263}, {'Paper': 0.8997}, {'Paper pack': 0.5308}, {'Metal': 0.419}, {'Glass': 0.5374}, {'Plastic': 0.7219}, {'Styrofoam': 0.8868}, {'Plastic bag': 0.9033}, {'Battery': 0.0}, {'Clothing': 0.0013}]

Train on Epoch 12
Epoch [12/60], Step [25/655],                         Loss: 0.3184, mIoU: 0.5688
Epoch [12/60], Step [50/655],                         Loss: 0.1784, mIoU: 0.5846
Epoch [12/60], Step [75/655],                         Loss: 0.1651, mIoU: 0.5927
Epoch [12/60], Step [100/655],                         Loss: 0.2432, mIoU: 0.5825
Epoch [12/60], Step [125/655],                         Loss: 0.2627, mIoU: 0.6073
Epoch [12/60], Step [150/655],                         Loss: 0.089, mIoU: 0.6029
Epoch [12/60], Step [175/655],                         Loss: 0.1414, mIoU: 0.6009
Epoch [12/60], Step [200/655],                         Loss: 0.2339, mIoU: 0.6004
Epoch [12/60], Step [225/655],                         Loss: 0.2178, mIoU: 0.6058
Epoch [12/60], Step [250/655],                         Loss: 0.1895, mIoU: 0.6067
Epoch [12/60], Step [275/655],                         Loss: 0.1893, mIoU: 0.6063
Epoch [12/60], Step [300/655],                         Loss: 0.225, mIoU: 0.6081
Epoch [12/60], Step [325/655],                         Loss: 0.2269, mIoU: 0.6115
Epoch [12/60], Step [350/655],                         Loss: 0.1758, mIoU: 0.609
Epoch [12/60], Step [375/655],                         Loss: 0.1072, mIoU: 0.6096
Epoch [12/60], Step [400/655],                         Loss: 0.2137, mIoU: 0.609
Epoch [12/60], Step [425/655],                         Loss: 0.2829, mIoU: 0.6091
Epoch [12/60], Step [450/655],                         Loss: 0.1609, mIoU: 0.6078
Epoch [12/60], Step [475/655],                         Loss: 0.212, mIoU: 0.6089
Epoch [12/60], Step [500/655],                         Loss: 0.1873, mIoU: 0.6094
Epoch [12/60], Step [525/655],                         Loss: 0.3914, mIoU: 0.6095
Epoch [12/60], Step [550/655],                         Loss: 0.2535, mIoU: 0.6089
Epoch [12/60], Step [575/655],                         Loss: 0.0716, mIoU: 0.6103
Epoch [12/60], Step [600/655],                         Loss: 0.1324, mIoU: 0.6125
Epoch [12/60], Step [625/655],                         Loss: 0.217, mIoU: 0.6135
Epoch [12/60], Step [650/655],                         Loss: 0.2151, mIoU: 0.6109

Validation on Epoch 13
Validation #12  Average Loss: 0.1377, Accuracy : 0.9671,                 mIoU: 0.6556
IoU by class : [{'Backgroud': 0.9803}, {'General trash': 0.737}, {'Paper': 0.899}, {'Paper pack': 0.7258}, {'Metal': 0.7318}, {'Glass': 0.5519}, {'Plastic': 0.7426}, {'Styrofoam': 0.8923}, {'Plastic bag': 0.9171}, {'Battery': 0.0}, {'Clothing': 0.0333}]

Train on Epoch 13
Epoch [13/60], Step [25/655],                         Loss: 0.2592, mIoU: 0.6087
Epoch [13/60], Step [50/655],                         Loss: 0.1117, mIoU: 0.6087
Epoch [13/60], Step [75/655],                         Loss: 0.3151, mIoU: 0.5942
Epoch [13/60], Step [100/655],                         Loss: 0.1581, mIoU: 0.6032
Epoch [13/60], Step [125/655],                         Loss: 0.1799, mIoU: 0.6042
Epoch [13/60], Step [150/655],                         Loss: 0.2766, mIoU: 0.6064
Epoch [13/60], Step [175/655],                         Loss: 0.1675, mIoU: 0.61
Epoch [13/60], Step [200/655],                         Loss: 0.1601, mIoU: 0.6105
Epoch [13/60], Step [225/655],                         Loss: 0.2072, mIoU: 0.6116
Epoch [13/60], Step [250/655],                         Loss: 0.3175, mIoU: 0.6118
Epoch [13/60], Step [275/655],                         Loss: 0.3299, mIoU: 0.6129
Epoch [13/60], Step [300/655],                         Loss: 0.1751, mIoU: 0.61
Epoch [13/60], Step [325/655],                         Loss: 0.3486, mIoU: 0.6093
Epoch [13/60], Step [350/655],                         Loss: 0.1389, mIoU: 0.612
Epoch [13/60], Step [375/655],                         Loss: 0.4648, mIoU: 0.6149
Epoch [13/60], Step [400/655],                         Loss: 0.4575, mIoU: 0.6137
Epoch [13/60], Step [425/655],                         Loss: 0.124, mIoU: 0.6144
Epoch [13/60], Step [450/655],                         Loss: 0.3065, mIoU: 0.6161
Epoch [13/60], Step [475/655],                         Loss: 0.1552, mIoU: 0.614
Epoch [13/60], Step [500/655],                         Loss: 0.2482, mIoU: 0.6128
Epoch [13/60], Step [525/655],                         Loss: 0.5097, mIoU: 0.613
Epoch [13/60], Step [550/655],                         Loss: 0.1776, mIoU: 0.6145
Epoch [13/60], Step [575/655],                         Loss: 0.1221, mIoU: 0.6136
Epoch [13/60], Step [600/655],                         Loss: 0.2991, mIoU: 0.6141
Epoch [13/60], Step [625/655],                         Loss: 0.1748, mIoU: 0.615
Epoch [13/60], Step [650/655],                         Loss: 0.1086, mIoU: 0.6136

Validation on Epoch 14
Validation #13  Average Loss: 0.135, Accuracy : 0.9692,                 mIoU: 0.6896
IoU by class : [{'Backgroud': 0.9796}, {'General trash': 0.7399}, {'Paper': 0.9013}, {'Paper pack': 0.7702}, {'Metal': 0.7802}, {'Glass': 0.6103}, {'Plastic': 0.763}, {'Styrofoam': 0.8888}, {'Plastic bag': 0.9226}, {'Battery': 0.0}, {'Clothing': 0.2291}]

Train on Epoch 14
Epoch [14/60], Step [25/655],                         Loss: 0.2073, mIoU: 0.6379
Epoch [14/60], Step [50/655],                         Loss: 0.0804, mIoU: 0.6262
Epoch [14/60], Step [75/655],                         Loss: 0.165, mIoU: 0.6293
Epoch [14/60], Step [100/655],                         Loss: 0.2264, mIoU: 0.629
Epoch [14/60], Step [125/655],                         Loss: 0.2072, mIoU: 0.6239
Epoch [14/60], Step [150/655],                         Loss: 0.1367, mIoU: 0.6301
Epoch [14/60], Step [175/655],                         Loss: 0.167, mIoU: 0.628
Epoch [14/60], Step [200/655],                         Loss: 0.1563, mIoU: 0.6356
Epoch [14/60], Step [225/655],                         Loss: 0.2326, mIoU: 0.6381
Epoch [14/60], Step [250/655],                         Loss: 0.1712, mIoU: 0.6404
Epoch [14/60], Step [275/655],                         Loss: 0.3228, mIoU: 0.6299
Epoch [14/60], Step [300/655],                         Loss: 0.1984, mIoU: 0.6226
Epoch [14/60], Step [325/655],                         Loss: 0.1464, mIoU: 0.6225
Epoch [14/60], Step [350/655],                         Loss: 0.1644, mIoU: 0.619
Epoch [14/60], Step [375/655],                         Loss: 0.1974, mIoU: 0.62
Epoch [14/60], Step [400/655],                         Loss: 0.1209, mIoU: 0.6229
Epoch [14/60], Step [425/655],                         Loss: 0.1133, mIoU: 0.622
Epoch [14/60], Step [450/655],                         Loss: 0.2046, mIoU: 0.6219
Epoch [14/60], Step [475/655],                         Loss: 0.1317, mIoU: 0.6195
Epoch [14/60], Step [500/655],                         Loss: 0.0909, mIoU: 0.6215
Epoch [14/60], Step [525/655],                         Loss: 0.3294, mIoU: 0.6207
Epoch [14/60], Step [550/655],                         Loss: 0.169, mIoU: 0.6207
Epoch [14/60], Step [575/655],                         Loss: 0.1745, mIoU: 0.6206
Epoch [14/60], Step [600/655],                         Loss: 0.207, mIoU: 0.6203
Epoch [14/60], Step [625/655],                         Loss: 0.2828, mIoU: 0.6216
Epoch [14/60], Step [650/655],                         Loss: 0.1992, mIoU: 0.6231

Validation on Epoch 15
Validation #14  Average Loss: 0.1249, Accuracy : 0.9709,                 mIoU: 0.7049
IoU by class : [{'Backgroud': 0.9804}, {'General trash': 0.7797}, {'Paper': 0.9089}, {'Paper pack': 0.7776}, {'Metal': 0.7985}, {'Glass': 0.6453}, {'Plastic': 0.7723}, {'Styrofoam': 0.8804}, {'Plastic bag': 0.9208}, {'Battery': 0.0}, {'Clothing': 0.2904}]

Train on Epoch 15
Epoch [15/60], Step [25/655],                         Loss: 0.1685, mIoU: 0.6284
Epoch [15/60], Step [50/655],                         Loss: 0.0996, mIoU: 0.6531
Epoch [15/60], Step [75/655],                         Loss: 0.0895, mIoU: 0.6588
Epoch [15/60], Step [100/655],                         Loss: 0.0903, mIoU: 0.647
Epoch [15/60], Step [125/655],                         Loss: 0.1269, mIoU: 0.6496
Epoch [15/60], Step [150/655],                         Loss: 0.2365, mIoU: 0.6522
Epoch [15/60], Step [175/655],                         Loss: 0.0944, mIoU: 0.6474
Epoch [15/60], Step [200/655],                         Loss: 0.0519, mIoU: 0.6474
Epoch [15/60], Step [225/655],                         Loss: 0.1769, mIoU: 0.6448
Epoch [15/60], Step [250/655],                         Loss: 0.1227, mIoU: 0.6418
Epoch [15/60], Step [275/655],                         Loss: 0.1393, mIoU: 0.6436
Epoch [15/60], Step [300/655],                         Loss: 0.0724, mIoU: 0.6442
Epoch [15/60], Step [325/655],                         Loss: 0.2452, mIoU: 0.6452
Epoch [15/60], Step [350/655],                         Loss: 0.1117, mIoU: 0.6433
Epoch [15/60], Step [375/655],                         Loss: 0.1469, mIoU: 0.6413
Epoch [15/60], Step [400/655],                         Loss: 0.1259, mIoU: 0.641
Epoch [15/60], Step [425/655],                         Loss: 0.0987, mIoU: 0.6423
Epoch [15/60], Step [450/655],                         Loss: 0.3087, mIoU: 0.6396
Epoch [15/60], Step [475/655],                         Loss: 0.108, mIoU: 0.6402
Epoch [15/60], Step [500/655],                         Loss: 0.1676, mIoU: 0.6436
Epoch [15/60], Step [525/655],                         Loss: 0.2501, mIoU: 0.6451
Epoch [15/60], Step [550/655],                         Loss: 0.2773, mIoU: 0.6444
Epoch [15/60], Step [575/655],                         Loss: 0.1089, mIoU: 0.6419
Epoch [15/60], Step [600/655],                         Loss: 0.1619, mIoU: 0.6394
Epoch [15/60], Step [625/655],                         Loss: 0.0836, mIoU: 0.6402
Epoch [15/60], Step [650/655],                         Loss: 0.1128, mIoU: 0.6399

Validation on Epoch 16
Validation #15  Average Loss: 0.13, Accuracy : 0.9713,                 mIoU: 0.7171
IoU by class : [{'Backgroud': 0.981}, {'General trash': 0.7659}, {'Paper': 0.9084}, {'Paper pack': 0.8445}, {'Metal': 0.8467}, {'Glass': 0.66}, {'Plastic': 0.7758}, {'Styrofoam': 0.872}, {'Plastic bag': 0.9157}, {'Battery': 0.0}, {'Clothing': 0.3176}]

Train on Epoch 16
Epoch [16/60], Step [25/655],                         Loss: 0.2163, mIoU: 0.6144
Epoch [16/60], Step [50/655],                         Loss: 0.1847, mIoU: 0.634
Epoch [16/60], Step [75/655],                         Loss: 0.1404, mIoU: 0.6359
Epoch [16/60], Step [100/655],                         Loss: 0.2089, mIoU: 0.6492
Epoch [16/60], Step [125/655],                         Loss: 0.3796, mIoU: 0.6451
Epoch [16/60], Step [150/655],                         Loss: 0.2071, mIoU: 0.6507
Epoch [16/60], Step [175/655],                         Loss: 0.2753, mIoU: 0.6461
Epoch [16/60], Step [200/655],                         Loss: 0.145, mIoU: 0.6435
Epoch [16/60], Step [225/655],                         Loss: 0.1421, mIoU: 0.6417
Epoch [16/60], Step [250/655],                         Loss: 0.136, mIoU: 0.6414
Epoch [16/60], Step [275/655],                         Loss: 0.0958, mIoU: 0.6441
Epoch [16/60], Step [300/655],                         Loss: 0.1318, mIoU: 0.6429
Epoch [16/60], Step [325/655],                         Loss: 0.2224, mIoU: 0.6443
Epoch [16/60], Step [350/655],                         Loss: 0.1523, mIoU: 0.6433
Epoch [16/60], Step [375/655],                         Loss: 0.122, mIoU: 0.6457
Epoch [16/60], Step [400/655],                         Loss: 0.2631, mIoU: 0.6436
Epoch [16/60], Step [425/655],                         Loss: 0.2416, mIoU: 0.6435
Epoch [16/60], Step [450/655],                         Loss: 0.1405, mIoU: 0.6407
Epoch [16/60], Step [475/655],                         Loss: 0.2442, mIoU: 0.6429
Epoch [16/60], Step [500/655],                         Loss: 0.4013, mIoU: 0.6433
Epoch [16/60], Step [525/655],                         Loss: 0.1091, mIoU: 0.6447
Epoch [16/60], Step [550/655],                         Loss: 0.1859, mIoU: 0.6481
Epoch [16/60], Step [575/655],                         Loss: 0.0999, mIoU: 0.6507
Epoch [16/60], Step [600/655],                         Loss: 0.2155, mIoU: 0.6526
Epoch [16/60], Step [625/655],                         Loss: 0.1632, mIoU: 0.6514
Epoch [16/60], Step [650/655],                         Loss: 0.1279, mIoU: 0.6511

Validation on Epoch 17
Validation #16  Average Loss: 0.1313, Accuracy : 0.9703,                 mIoU: 0.7117
IoU by class : [{'Backgroud': 0.981}, {'General trash': 0.7077}, {'Paper': 0.9087}, {'Paper pack': 0.8199}, {'Metal': 0.7745}, {'Glass': 0.6199}, {'Plastic': 0.7262}, {'Styrofoam': 0.913}, {'Plastic bag': 0.9256}, {'Battery': 0.0}, {'Clothing': 0.452}]

Train on Epoch 17
Epoch [17/60], Step [25/655],                         Loss: 0.2257, mIoU: 0.6708
Epoch [17/60], Step [50/655],                         Loss: 0.2588, mIoU: 0.6642
Epoch [17/60], Step [75/655],                         Loss: 0.1498, mIoU: 0.6626
Epoch [17/60], Step [100/655],                         Loss: 0.1974, mIoU: 0.6711
Epoch [17/60], Step [125/655],                         Loss: 0.1788, mIoU: 0.6869
Epoch [17/60], Step [150/655],                         Loss: 0.2295, mIoU: 0.6886
Epoch [17/60], Step [175/655],                         Loss: 0.2159, mIoU: 0.6843
Epoch [17/60], Step [200/655],                         Loss: 0.1824, mIoU: 0.684
Epoch [17/60], Step [225/655],                         Loss: 0.263, mIoU: 0.6854
Epoch [17/60], Step [250/655],                         Loss: 0.1405, mIoU: 0.6731
Epoch [17/60], Step [275/655],                         Loss: 0.1429, mIoU: 0.6642
Epoch [17/60], Step [300/655],                         Loss: 0.2741, mIoU: 0.6595
Epoch [17/60], Step [325/655],                         Loss: 0.1332, mIoU: 0.6569
Epoch [17/60], Step [350/655],                         Loss: 0.2255, mIoU: 0.6587
Epoch [17/60], Step [375/655],                         Loss: 0.1484, mIoU: 0.6592
Epoch [17/60], Step [400/655],                         Loss: 0.1514, mIoU: 0.6549
Epoch [17/60], Step [425/655],                         Loss: 0.1761, mIoU: 0.6538
Epoch [17/60], Step [450/655],                         Loss: 0.1547, mIoU: 0.6558
Epoch [17/60], Step [475/655],                         Loss: 0.1197, mIoU: 0.6567
Epoch [17/60], Step [500/655],                         Loss: 0.3726, mIoU: 0.6602
Epoch [17/60], Step [525/655],                         Loss: 0.2135, mIoU: 0.659
Epoch [17/60], Step [550/655],                         Loss: 0.3488, mIoU: 0.6572
Epoch [17/60], Step [575/655],                         Loss: 0.2709, mIoU: 0.6569
Epoch [17/60], Step [600/655],                         Loss: 0.2285, mIoU: 0.6529
Epoch [17/60], Step [625/655],                         Loss: 0.1144, mIoU: 0.6538
Epoch [17/60], Step [650/655],                         Loss: 0.1144, mIoU: 0.6543

Validation on Epoch 18
Validation #17  Average Loss: 0.1259, Accuracy : 0.9713,                 mIoU: 0.713
IoU by class : [{'Backgroud': 0.9806}, {'General trash': 0.748}, {'Paper': 0.9134}, {'Paper pack': 0.8027}, {'Metal': 0.7705}, {'Glass': 0.6354}, {'Plastic': 0.7836}, {'Styrofoam': 0.9036}, {'Plastic bag': 0.9248}, {'Battery': 0.0}, {'Clothing': 0.3806}]

Train on Epoch 18
Epoch [18/60], Step [25/655],                         Loss: 0.108, mIoU: 0.6441
Epoch [18/60], Step [50/655],                         Loss: 0.085, mIoU: 0.6602
Epoch [18/60], Step [75/655],                         Loss: 0.1538, mIoU: 0.6663
Epoch [18/60], Step [100/655],                         Loss: 0.1268, mIoU: 0.6742
Epoch [18/60], Step [125/655],                         Loss: 0.1099, mIoU: 0.6742
Epoch [18/60], Step [150/655],                         Loss: 0.1556, mIoU: 0.6721
Epoch [18/60], Step [175/655],                         Loss: 0.2298, mIoU: 0.6665
Epoch [18/60], Step [200/655],                         Loss: 0.1454, mIoU: 0.6615
Epoch [18/60], Step [225/655],                         Loss: 0.1259, mIoU: 0.6649
Epoch [18/60], Step [250/655],                         Loss: 0.1838, mIoU: 0.6719
Epoch [18/60], Step [275/655],                         Loss: 0.266, mIoU: 0.6696
Epoch [18/60], Step [300/655],                         Loss: 0.171, mIoU: 0.6651
Epoch [18/60], Step [325/655],                         Loss: 0.0604, mIoU: 0.6644
Epoch [18/60], Step [350/655],                         Loss: 0.1612, mIoU: 0.6597
Epoch [18/60], Step [375/655],                         Loss: 0.1794, mIoU: 0.6612
Epoch [18/60], Step [400/655],                         Loss: 0.2312, mIoU: 0.6593
Epoch [18/60], Step [425/655],                         Loss: 0.0619, mIoU: 0.6566
Epoch [18/60], Step [450/655],                         Loss: 0.1665, mIoU: 0.6601
Epoch [18/60], Step [475/655],                         Loss: 0.0992, mIoU: 0.6598
Epoch [18/60], Step [500/655],                         Loss: 0.1451, mIoU: 0.6625
Epoch [18/60], Step [525/655],                         Loss: 0.1029, mIoU: 0.6643
Epoch [18/60], Step [550/655],                         Loss: 0.1053, mIoU: 0.6636
Epoch [18/60], Step [575/655],                         Loss: 0.1557, mIoU: 0.6654
Epoch [18/60], Step [600/655],                         Loss: 0.2376, mIoU: 0.6661
Epoch [18/60], Step [625/655],                         Loss: 0.1426, mIoU: 0.6657
Epoch [18/60], Step [650/655],                         Loss: 0.1092, mIoU: 0.6652

Validation on Epoch 19
Validation #18  Average Loss: 0.1241, Accuracy : 0.9732,                 mIoU: 0.7422
IoU by class : [{'Backgroud': 0.9822}, {'General trash': 0.7663}, {'Paper': 0.903}, {'Paper pack': 0.8081}, {'Metal': 0.8116}, {'Glass': 0.715}, {'Plastic': 0.7864}, {'Styrofoam': 0.8968}, {'Plastic bag': 0.9267}, {'Battery': 0.0}, {'Clothing': 0.568}]

Train on Epoch 19
Epoch [19/60], Step [25/655],                         Loss: 0.0901, mIoU: 0.7194
Epoch [19/60], Step [50/655],                         Loss: 0.1142, mIoU: 0.7031
Epoch [19/60], Step [75/655],                         Loss: 0.2443, mIoU: 0.6777
Epoch [19/60], Step [100/655],                         Loss: 0.1178, mIoU: 0.6976
Epoch [19/60], Step [125/655],                         Loss: 0.1255, mIoU: 0.6982
Epoch [19/60], Step [150/655],                         Loss: 0.1517, mIoU: 0.6938
Epoch [19/60], Step [175/655],                         Loss: 0.093, mIoU: 0.6925
Epoch [19/60], Step [200/655],                         Loss: 0.2411, mIoU: 0.695
Epoch [19/60], Step [225/655],                         Loss: 0.271, mIoU: 0.6874
Epoch [19/60], Step [250/655],                         Loss: 0.1382, mIoU: 0.6894
Epoch [19/60], Step [275/655],                         Loss: 0.0897, mIoU: 0.6898
Epoch [19/60], Step [300/655],                         Loss: 0.1222, mIoU: 0.6887
Epoch [19/60], Step [325/655],                         Loss: 0.1255, mIoU: 0.6878
Epoch [19/60], Step [350/655],                         Loss: 0.1502, mIoU: 0.691
Epoch [19/60], Step [375/655],                         Loss: 0.0902, mIoU: 0.6876
Epoch [19/60], Step [400/655],                         Loss: 0.1159, mIoU: 0.6867
Epoch [19/60], Step [425/655],                         Loss: 0.1179, mIoU: 0.686
Epoch [19/60], Step [450/655],                         Loss: 0.2382, mIoU: 0.688
Epoch [19/60], Step [475/655],                         Loss: 0.1225, mIoU: 0.6911
Epoch [19/60], Step [500/655],                         Loss: 0.0856, mIoU: 0.6904
Epoch [19/60], Step [525/655],                         Loss: 0.1876, mIoU: 0.6908
Epoch [19/60], Step [550/655],                         Loss: 0.1577, mIoU: 0.6916
Epoch [19/60], Step [575/655],                         Loss: 0.297, mIoU: 0.6914
Epoch [19/60], Step [600/655],                         Loss: 0.2112, mIoU: 0.6896
Epoch [19/60], Step [625/655],                         Loss: 0.1566, mIoU: 0.6881
Epoch [19/60], Step [650/655],                         Loss: 0.1782, mIoU: 0.6869

Validation on Epoch 20
Validation #19  Average Loss: 0.1711, Accuracy : 0.9616,                 mIoU: 0.6223
IoU by class : [{'Backgroud': 0.9767}, {'General trash': 0.7642}, {'Paper': 0.8814}, {'Paper pack': 0.6976}, {'Metal': 0.7593}, {'Glass': 0.2646}, {'Plastic': 0.6344}, {'Styrofoam': 0.8685}, {'Plastic bag': 0.9214}, {'Battery': 0.0}, {'Clothing': 0.0773}]

Train on Epoch 20
Epoch [20/60], Step [25/655],                         Loss: 0.1223, mIoU: 0.7057
Epoch [20/60], Step [50/655],                         Loss: 0.1474, mIoU: 0.6901
Epoch [20/60], Step [75/655],                         Loss: 0.0584, mIoU: 0.7002
Epoch [20/60], Step [100/655],                         Loss: 0.108, mIoU: 0.6957
Epoch [20/60], Step [125/655],                         Loss: 0.1444, mIoU: 0.7017
Epoch [20/60], Step [150/655],                         Loss: 0.1483, mIoU: 0.7043
Epoch [20/60], Step [175/655],                         Loss: 0.1086, mIoU: 0.7055
Epoch [20/60], Step [200/655],                         Loss: 0.1023, mIoU: 0.7103
Epoch [20/60], Step [225/655],                         Loss: 0.1067, mIoU: 0.7046
Epoch [20/60], Step [250/655],                         Loss: 0.1662, mIoU: 0.7083
Epoch [20/60], Step [275/655],                         Loss: 0.1554, mIoU: 0.7098
Epoch [20/60], Step [300/655],                         Loss: 0.1746, mIoU: 0.7104
Epoch [20/60], Step [325/655],                         Loss: 0.1202, mIoU: 0.709
Epoch [20/60], Step [350/655],                         Loss: 0.2653, mIoU: 0.7002
Epoch [20/60], Step [375/655],                         Loss: 0.0996, mIoU: 0.7012
Epoch [20/60], Step [400/655],                         Loss: 0.1572, mIoU: 0.704
Epoch [20/60], Step [425/655],                         Loss: 0.1004, mIoU: 0.7041
Epoch [20/60], Step [450/655],                         Loss: 0.1932, mIoU: 0.7052
Epoch [20/60], Step [475/655],                         Loss: 0.1501, mIoU: 0.7045
Epoch [20/60], Step [500/655],                         Loss: 0.1669, mIoU: 0.703
Epoch [20/60], Step [525/655],                         Loss: 0.2391, mIoU: 0.7016
Epoch [20/60], Step [550/655],                         Loss: 0.1356, mIoU: 0.7024
Epoch [20/60], Step [575/655],                         Loss: 0.1631, mIoU: 0.7042
Epoch [20/60], Step [600/655],                         Loss: 0.2485, mIoU: 0.7042
Epoch [20/60], Step [625/655],                         Loss: 0.1273, mIoU: 0.7011
Epoch [20/60], Step [650/655],                         Loss: 0.1252, mIoU: 0.6975

Validation on Epoch 21
Validation #20  Average Loss: 0.127, Accuracy : 0.9706,                 mIoU: 0.7229
IoU by class : [{'Backgroud': 0.9818}, {'General trash': 0.7225}, {'Paper': 0.9099}, {'Paper pack': 0.7501}, {'Metal': 0.7088}, {'Glass': 0.691}, {'Plastic': 0.7082}, {'Styrofoam': 0.896}, {'Plastic bag': 0.9271}, {'Battery': 0.0}, {'Clothing': 0.6567}]

Train on Epoch 21
Epoch [21/60], Step [25/655],                         Loss: 0.1774, mIoU: 0.6339
Epoch [21/60], Step [50/655],                         Loss: 0.1624, mIoU: 0.7017
Epoch [21/60], Step [75/655],                         Loss: 0.1703, mIoU: 0.6945
Epoch [21/60], Step [100/655],                         Loss: 0.2277, mIoU: 0.7037
Epoch [21/60], Step [125/655],                         Loss: 0.1287, mIoU: 0.6973
Epoch [21/60], Step [150/655],                         Loss: 0.0659, mIoU: 0.6975
Epoch [21/60], Step [175/655],                         Loss: 0.3888, mIoU: 0.6975
Epoch [21/60], Step [200/655],                         Loss: 0.0927, mIoU: 0.682
Epoch [21/60], Step [225/655],                         Loss: 0.1976, mIoU: 0.6802
Epoch [21/60], Step [250/655],                         Loss: 0.1125, mIoU: 0.6814
Epoch [21/60], Step [275/655],                         Loss: 0.272, mIoU: 0.679
Epoch [21/60], Step [300/655],                         Loss: 0.1089, mIoU: 0.6807
Epoch [21/60], Step [325/655],                         Loss: 0.1943, mIoU: 0.6829
Epoch [21/60], Step [350/655],                         Loss: 0.2487, mIoU: 0.6819
Epoch [21/60], Step [375/655],                         Loss: 0.126, mIoU: 0.683
Epoch [21/60], Step [400/655],                         Loss: 0.0852, mIoU: 0.6871
Epoch [21/60], Step [425/655],                         Loss: 0.2035, mIoU: 0.6912
Epoch [21/60], Step [450/655],                         Loss: 0.2822, mIoU: 0.6937
Epoch [21/60], Step [475/655],                         Loss: 0.1696, mIoU: 0.6933
Epoch [21/60], Step [500/655],                         Loss: 0.0813, mIoU: 0.6955
Epoch [21/60], Step [525/655],                         Loss: 0.1689, mIoU: 0.6966
Epoch [21/60], Step [550/655],                         Loss: 0.1857, mIoU: 0.6969
Epoch [21/60], Step [575/655],                         Loss: 0.1726, mIoU: 0.6968
Epoch [21/60], Step [600/655],                         Loss: 0.1376, mIoU: 0.6994
Epoch [21/60], Step [625/655],                         Loss: 0.1021, mIoU: 0.6985
Epoch [21/60], Step [650/655],                         Loss: 0.1391, mIoU: 0.6988

Validation on Epoch 22
Validation #21  Average Loss: 0.1221, Accuracy : 0.9732,                 mIoU: 0.734
IoU by class : [{'Backgroud': 0.9811}, {'General trash': 0.7969}, {'Paper': 0.9144}, {'Paper pack': 0.8956}, {'Metal': 0.5742}, {'Glass': 0.5821}, {'Plastic': 0.7966}, {'Styrofoam': 0.9077}, {'Plastic bag': 0.9341}, {'Battery': 0.0}, {'Clothing': 0.6917}]

Train on Epoch 22
Epoch [22/60], Step [25/655],                         Loss: 0.1671, mIoU: 0.6461
Epoch [22/60], Step [50/655],                         Loss: 0.24, mIoU: 0.6897
Epoch [22/60], Step [75/655],                         Loss: 0.212, mIoU: 0.6893
Epoch [22/60], Step [100/655],                         Loss: 0.1463, mIoU: 0.7083
Epoch [22/60], Step [125/655],                         Loss: 0.1036, mIoU: 0.7143
Epoch [22/60], Step [150/655],                         Loss: 0.1985, mIoU: 0.7173
Epoch [22/60], Step [175/655],                         Loss: 0.1428, mIoU: 0.7193
Epoch [22/60], Step [200/655],                         Loss: 0.096, mIoU: 0.7258
Epoch [22/60], Step [225/655],                         Loss: 0.094, mIoU: 0.7273
Epoch [22/60], Step [250/655],                         Loss: 0.157, mIoU: 0.7307
Epoch [22/60], Step [275/655],                         Loss: 0.1082, mIoU: 0.724
Epoch [22/60], Step [300/655],                         Loss: 0.3587, mIoU: 0.725
Epoch [22/60], Step [325/655],                         Loss: 0.1333, mIoU: 0.7174
Epoch [22/60], Step [350/655],                         Loss: 0.1485, mIoU: 0.7123
Epoch [22/60], Step [375/655],                         Loss: 0.2097, mIoU: 0.7094
Epoch [22/60], Step [400/655],                         Loss: 0.2441, mIoU: 0.7075
Epoch [22/60], Step [425/655],                         Loss: 0.0431, mIoU: 0.7073
Epoch [22/60], Step [450/655],                         Loss: 0.1507, mIoU: 0.7105
Epoch [22/60], Step [475/655],                         Loss: 0.156, mIoU: 0.7101
Epoch [22/60], Step [500/655],                         Loss: 0.1797, mIoU: 0.7087
Epoch [22/60], Step [525/655],                         Loss: 0.1285, mIoU: 0.7087
Epoch [22/60], Step [550/655],                         Loss: 0.1281, mIoU: 0.7076
Epoch [22/60], Step [575/655],                         Loss: 0.1125, mIoU: 0.7074
Epoch [22/60], Step [600/655],                         Loss: 0.2139, mIoU: 0.7085
Epoch [22/60], Step [625/655],                         Loss: 0.3094, mIoU: 0.7109
Epoch [22/60], Step [650/655],                         Loss: 0.3366, mIoU: 0.7121

Validation on Epoch 23
Validation #22  Average Loss: 0.1394, Accuracy : 0.973,                 mIoU: 0.6923
IoU by class : [{'Backgroud': 0.9824}, {'General trash': 0.8046}, {'Paper': 0.9228}, {'Paper pack': 0.8281}, {'Metal': 0.6153}, {'Glass': 0.7193}, {'Plastic': 0.793}, {'Styrofoam': 0.9087}, {'Plastic bag': 0.9324}, {'Battery': 0.0}, {'Clothing': 0.1089}]

Train on Epoch 23
Epoch [23/60], Step [25/655],                         Loss: 0.329, mIoU: 0.6899
Epoch [23/60], Step [50/655],                         Loss: 0.2913, mIoU: 0.6773
Epoch [23/60], Step [75/655],                         Loss: 0.1919, mIoU: 0.679
Epoch [23/60], Step [100/655],                         Loss: 0.1412, mIoU: 0.7011
Epoch [23/60], Step [125/655],                         Loss: 0.0977, mIoU: 0.7137
Epoch [23/60], Step [150/655],                         Loss: 0.1865, mIoU: 0.7174
Epoch [23/60], Step [175/655],                         Loss: 0.1506, mIoU: 0.721
Epoch [23/60], Step [200/655],                         Loss: 0.1188, mIoU: 0.718
Epoch [23/60], Step [225/655],                         Loss: 0.1717, mIoU: 0.7203
Epoch [23/60], Step [250/655],                         Loss: 0.1539, mIoU: 0.7234
Epoch [23/60], Step [275/655],                         Loss: 0.207, mIoU: 0.7219
Epoch [23/60], Step [300/655],                         Loss: 0.0668, mIoU: 0.7221
Epoch [23/60], Step [325/655],                         Loss: 0.1157, mIoU: 0.7213
Epoch [23/60], Step [350/655],                         Loss: 0.2254, mIoU: 0.7206
Epoch [23/60], Step [375/655],                         Loss: 0.3165, mIoU: 0.7192
Epoch [23/60], Step [400/655],                         Loss: 0.2277, mIoU: 0.7185
Epoch [23/60], Step [425/655],                         Loss: 0.0904, mIoU: 0.7164
Epoch [23/60], Step [450/655],                         Loss: 0.0558, mIoU: 0.7156
Epoch [23/60], Step [475/655],                         Loss: 0.132, mIoU: 0.718
Epoch [23/60], Step [500/655],                         Loss: 0.138, mIoU: 0.719
Epoch [23/60], Step [525/655],                         Loss: 0.2877, mIoU: 0.7163
Epoch [23/60], Step [550/655],                         Loss: 0.1464, mIoU: 0.7162
Epoch [23/60], Step [575/655],                         Loss: 0.0341, mIoU: 0.7166
Epoch [23/60], Step [600/655],                         Loss: 0.1199, mIoU: 0.7163
Epoch [23/60], Step [625/655],                         Loss: 0.1403, mIoU: 0.7155
Epoch [23/60], Step [650/655],                         Loss: 0.0882, mIoU: 0.7144

Validation on Epoch 24
Validation #23  Average Loss: 0.1223, Accuracy : 0.9731,                 mIoU: 0.7152
IoU by class : [{'Backgroud': 0.9813}, {'General trash': 0.7995}, {'Paper': 0.9152}, {'Paper pack': 0.8317}, {'Metal': 0.8114}, {'Glass': 0.587}, {'Plastic': 0.7613}, {'Styrofoam': 0.905}, {'Plastic bag': 0.934}, {'Battery': 0.0}, {'Clothing': 0.3414}]

Train on Epoch 24
Epoch [24/60], Step [25/655],                         Loss: 0.1662, mIoU: 0.6654
Epoch [24/60], Step [50/655],                         Loss: 0.1162, mIoU: 0.6792
Epoch [24/60], Step [75/655],                         Loss: 0.1782, mIoU: 0.7151
Epoch [24/60], Step [100/655],                         Loss: 0.1586, mIoU: 0.7234
Epoch [24/60], Step [125/655],                         Loss: 0.0567, mIoU: 0.7265
Epoch [24/60], Step [150/655],                         Loss: 0.0812, mIoU: 0.7313
Epoch [24/60], Step [175/655],                         Loss: 0.156, mIoU: 0.7327
Epoch [24/60], Step [200/655],                         Loss: 0.2742, mIoU: 0.7333
Epoch [24/60], Step [225/655],                         Loss: 0.0713, mIoU: 0.7262
Epoch [24/60], Step [250/655],                         Loss: 0.1084, mIoU: 0.7226
Epoch [24/60], Step [275/655],                         Loss: 0.1025, mIoU: 0.7232
Epoch [24/60], Step [300/655],                         Loss: 0.149, mIoU: 0.7249
Epoch [24/60], Step [325/655],                         Loss: 0.3434, mIoU: 0.7262
Epoch [24/60], Step [350/655],                         Loss: 0.1093, mIoU: 0.7287
Epoch [24/60], Step [375/655],                         Loss: 0.0675, mIoU: 0.7253
Epoch [24/60], Step [400/655],                         Loss: 0.0494, mIoU: 0.7227
Epoch [24/60], Step [425/655],                         Loss: 0.122, mIoU: 0.7242
Epoch [24/60], Step [450/655],                         Loss: 0.1508, mIoU: 0.7263
Epoch [24/60], Step [475/655],                         Loss: 0.1471, mIoU: 0.7294
Epoch [24/60], Step [500/655],                         Loss: 0.1043, mIoU: 0.7298
Epoch [24/60], Step [525/655],                         Loss: 0.1303, mIoU: 0.732
Epoch [24/60], Step [550/655],                         Loss: 0.1973, mIoU: 0.7318
Epoch [24/60], Step [575/655],                         Loss: 0.11, mIoU: 0.7314
Epoch [24/60], Step [600/655],                         Loss: 0.2145, mIoU: 0.732
Epoch [24/60], Step [625/655],                         Loss: 0.1769, mIoU: 0.7329
Epoch [24/60], Step [650/655],                         Loss: 0.1095, mIoU: 0.7342

Validation on Epoch 25
Validation #24  Average Loss: 0.1088, Accuracy : 0.9759,                 mIoU: 0.7462
IoU by class : [{'Backgroud': 0.9799}, {'General trash': 0.816}, {'Paper': 0.926}, {'Paper pack': 0.8535}, {'Metal': 0.8169}, {'Glass': 0.836}, {'Plastic': 0.8249}, {'Styrofoam': 0.908}, {'Plastic bag': 0.9348}, {'Battery': 0.0}, {'Clothing': 0.3122}]

Train on Epoch 25
Epoch [25/60], Step [25/655],                         Loss: 0.1391, mIoU: 0.6984
Epoch [25/60], Step [50/655],                         Loss: 0.1362, mIoU: 0.7269
Epoch [25/60], Step [75/655],                         Loss: 0.2509, mIoU: 0.7233
Epoch [25/60], Step [100/655],                         Loss: 0.077, mIoU: 0.725
Epoch [25/60], Step [125/655],                         Loss: 0.1319, mIoU: 0.7342
Epoch [25/60], Step [150/655],                         Loss: 0.1391, mIoU: 0.737
Epoch [25/60], Step [175/655],                         Loss: 0.0528, mIoU: 0.7341
Epoch [25/60], Step [200/655],                         Loss: 0.1391, mIoU: 0.7247
Epoch [25/60], Step [225/655],                         Loss: 0.1233, mIoU: 0.7248
Epoch [25/60], Step [250/655],                         Loss: 0.0654, mIoU: 0.7263
Epoch [25/60], Step [275/655],                         Loss: 0.2161, mIoU: 0.7238
Epoch [25/60], Step [300/655],                         Loss: 0.0665, mIoU: 0.723
Epoch [25/60], Step [325/655],                         Loss: 0.1366, mIoU: 0.7221
Epoch [25/60], Step [350/655],                         Loss: 0.0558, mIoU: 0.7242
Epoch [25/60], Step [375/655],                         Loss: 0.0782, mIoU: 0.7255
Epoch [25/60], Step [400/655],                         Loss: 0.1604, mIoU: 0.7256
Epoch [25/60], Step [425/655],                         Loss: 0.2157, mIoU: 0.7288
Epoch [25/60], Step [450/655],                         Loss: 0.2022, mIoU: 0.7302
Epoch [25/60], Step [475/655],                         Loss: 0.0899, mIoU: 0.7295
Epoch [25/60], Step [500/655],                         Loss: 0.1048, mIoU: 0.7315
Epoch [25/60], Step [525/655],                         Loss: 0.1552, mIoU: 0.7311
Epoch [25/60], Step [550/655],                         Loss: 0.1825, mIoU: 0.731
Epoch [25/60], Step [575/655],                         Loss: 0.1761, mIoU: 0.7309
Epoch [25/60], Step [600/655],                         Loss: 0.224, mIoU: 0.7286
Epoch [25/60], Step [625/655],                         Loss: 0.1976, mIoU: 0.7307
Epoch [25/60], Step [650/655],                         Loss: 0.1378, mIoU: 0.7311

Validation on Epoch 26
Validation #25  Average Loss: 0.1027, Accuracy : 0.9771,                 mIoU: 0.7834
IoU by class : [{'Backgroud': 0.981}, {'General trash': 0.8108}, {'Paper': 0.9196}, {'Paper pack': 0.9066}, {'Metal': 0.8414}, {'Glass': 0.8102}, {'Plastic': 0.8299}, {'Styrofoam': 0.9171}, {'Plastic bag': 0.9333}, {'Battery': 0.0}, {'Clothing': 0.6678}]

Train on Epoch 26
Epoch [26/60], Step [25/655],                         Loss: 0.2811, mIoU: 0.736
Epoch [26/60], Step [50/655],                         Loss: 0.1528, mIoU: 0.7471
Epoch [26/60], Step [75/655],                         Loss: 0.0883, mIoU: 0.7463
Epoch [26/60], Step [100/655],                         Loss: 0.1052, mIoU: 0.7454
Epoch [26/60], Step [125/655],                         Loss: 0.1366, mIoU: 0.7448
Epoch [26/60], Step [150/655],                         Loss: 0.0915, mIoU: 0.7402
Epoch [26/60], Step [175/655],                         Loss: 0.1695, mIoU: 0.736
Epoch [26/60], Step [200/655],                         Loss: 0.1515, mIoU: 0.7392
Epoch [26/60], Step [225/655],                         Loss: 0.0675, mIoU: 0.7416
Epoch [26/60], Step [250/655],                         Loss: 0.1084, mIoU: 0.7448
Epoch [26/60], Step [275/655],                         Loss: 0.0975, mIoU: 0.7434
Epoch [26/60], Step [300/655],                         Loss: 0.2783, mIoU: 0.7413
Epoch [26/60], Step [325/655],                         Loss: 0.1162, mIoU: 0.7414
Epoch [26/60], Step [350/655],                         Loss: 0.245, mIoU: 0.7425
Epoch [26/60], Step [375/655],                         Loss: 0.125, mIoU: 0.7394
Epoch [26/60], Step [400/655],                         Loss: 0.0636, mIoU: 0.7416
Epoch [26/60], Step [425/655],                         Loss: 0.1021, mIoU: 0.7446
Epoch [26/60], Step [450/655],                         Loss: 0.2538, mIoU: 0.7457
Epoch [26/60], Step [475/655],                         Loss: 0.1118, mIoU: 0.746
Epoch [26/60], Step [500/655],                         Loss: 0.1124, mIoU: 0.7465
Epoch [26/60], Step [525/655],                         Loss: 0.1692, mIoU: 0.7475
Epoch [26/60], Step [550/655],                         Loss: 0.1003, mIoU: 0.7492
Epoch [26/60], Step [575/655],                         Loss: 0.0724, mIoU: 0.7499
Epoch [26/60], Step [600/655],                         Loss: 0.1404, mIoU: 0.7496
Epoch [26/60], Step [625/655],                         Loss: 0.1327, mIoU: 0.7485
Epoch [26/60], Step [650/655],                         Loss: 0.1056, mIoU: 0.7473

Validation on Epoch 27
Validation #26  Average Loss: 0.1042, Accuracy : 0.9757,                 mIoU: 0.7183
IoU by class : [{'Backgroud': 0.9832}, {'General trash': 0.812}, {'Paper': 0.9203}, {'Paper pack': 0.8876}, {'Metal': 0.885}, {'Glass': 0.6532}, {'Plastic': 0.8175}, {'Styrofoam': 0.9216}, {'Plastic bag': 0.9391}, {'Battery': 0.0}, {'Clothing': 0.0818}]

Train on Epoch 27
Epoch [27/60], Step [25/655],                         Loss: 0.0713, mIoU: 0.6783
Epoch [27/60], Step [50/655],                         Loss: 0.1805, mIoU: 0.6957
Epoch [27/60], Step [75/655],                         Loss: 0.092, mIoU: 0.7105
Epoch [27/60], Step [100/655],                         Loss: 0.277, mIoU: 0.7228
Epoch [27/60], Step [125/655],                         Loss: 0.1144, mIoU: 0.7312
Epoch [27/60], Step [150/655],                         Loss: 0.0894, mIoU: 0.7232
Epoch [27/60], Step [175/655],                         Loss: 0.1683, mIoU: 0.7247
Epoch [27/60], Step [200/655],                         Loss: 0.1133, mIoU: 0.7286
Epoch [27/60], Step [225/655],                         Loss: 0.1008, mIoU: 0.7323
Epoch [27/60], Step [250/655],                         Loss: 0.2703, mIoU: 0.7345
Epoch [27/60], Step [275/655],                         Loss: 0.0803, mIoU: 0.735
Epoch [27/60], Step [300/655],                         Loss: 0.0946, mIoU: 0.7337
Epoch [27/60], Step [325/655],                         Loss: 0.0605, mIoU: 0.7256
Epoch [27/60], Step [350/655],                         Loss: 0.136, mIoU: 0.7251
Epoch [27/60], Step [375/655],                         Loss: 0.1257, mIoU: 0.7251
Epoch [27/60], Step [400/655],                         Loss: 0.1079, mIoU: 0.7254
Epoch [27/60], Step [425/655],                         Loss: 0.0768, mIoU: 0.7238
Epoch [27/60], Step [450/655],                         Loss: 0.1883, mIoU: 0.7253
Epoch [27/60], Step [475/655],                         Loss: 0.0732, mIoU: 0.7282
Epoch [27/60], Step [500/655],                         Loss: 0.0739, mIoU: 0.7306
Epoch [27/60], Step [525/655],                         Loss: 0.1068, mIoU: 0.7296
Epoch [27/60], Step [550/655],                         Loss: 0.1382, mIoU: 0.7294
Epoch [27/60], Step [575/655],                         Loss: 0.1392, mIoU: 0.7312
Epoch [27/60], Step [600/655],                         Loss: 0.1169, mIoU: 0.7334
Epoch [27/60], Step [625/655],                         Loss: 0.1092, mIoU: 0.7349
Epoch [27/60], Step [650/655],                         Loss: 0.1137, mIoU: 0.7357

Validation on Epoch 28
Validation #27  Average Loss: 0.0979, Accuracy : 0.9783,                 mIoU: 0.7898
IoU by class : [{'Backgroud': 0.9827}, {'General trash': 0.8407}, {'Paper': 0.925}, {'Paper pack': 0.8722}, {'Metal': 0.8622}, {'Glass': 0.8325}, {'Plastic': 0.8179}, {'Styrofoam': 0.8953}, {'Plastic bag': 0.938}, {'Battery': 0.0}, {'Clothing': 0.721}]

Train on Epoch 28
Epoch [28/60], Step [25/655],                         Loss: 0.0767, mIoU: 0.745
Epoch [28/60], Step [50/655],                         Loss: 0.1467, mIoU: 0.7011
Epoch [28/60], Step [75/655],                         Loss: 0.4968, mIoU: 0.7078
Epoch [28/60], Step [100/655],                         Loss: 0.0618, mIoU: 0.7023
Epoch [28/60], Step [125/655],                         Loss: 0.1434, mIoU: 0.7168
Epoch [28/60], Step [150/655],                         Loss: 0.1654, mIoU: 0.7201
Epoch [28/60], Step [175/655],                         Loss: 0.095, mIoU: 0.7265
Epoch [28/60], Step [200/655],                         Loss: 0.0543, mIoU: 0.7283
Epoch [28/60], Step [225/655],                         Loss: 0.2536, mIoU: 0.7308
Epoch [28/60], Step [250/655],                         Loss: 0.0651, mIoU: 0.7313
Epoch [28/60], Step [275/655],                         Loss: 0.1343, mIoU: 0.7329
Epoch [28/60], Step [300/655],                         Loss: 0.1208, mIoU: 0.7357
Epoch [28/60], Step [325/655],                         Loss: 0.2423, mIoU: 0.7328
Epoch [28/60], Step [350/655],                         Loss: 0.164, mIoU: 0.7323
Epoch [28/60], Step [375/655],                         Loss: 0.0528, mIoU: 0.7341
Epoch [28/60], Step [400/655],                         Loss: 0.0848, mIoU: 0.7347
Epoch [28/60], Step [425/655],                         Loss: 0.1511, mIoU: 0.7354
Epoch [28/60], Step [450/655],                         Loss: 0.4101, mIoU: 0.7375
Epoch [28/60], Step [475/655],                         Loss: 0.0882, mIoU: 0.7365
Epoch [28/60], Step [500/655],                         Loss: 0.0934, mIoU: 0.7375
Epoch [28/60], Step [525/655],                         Loss: 0.2022, mIoU: 0.7385
Epoch [28/60], Step [550/655],                         Loss: 0.0485, mIoU: 0.7406
Epoch [28/60], Step [575/655],                         Loss: 0.1592, mIoU: 0.7417
Epoch [28/60], Step [600/655],                         Loss: 0.0704, mIoU: 0.7424
Epoch [28/60], Step [625/655],                         Loss: 0.1339, mIoU: 0.742
Epoch [28/60], Step [650/655],                         Loss: 0.1121, mIoU: 0.7411

Validation on Epoch 29
Validation #28  Average Loss: 0.1381, Accuracy : 0.9727,                 mIoU: 0.7155
IoU by class : [{'Backgroud': 0.9813}, {'General trash': 0.7952}, {'Paper': 0.9304}, {'Paper pack': 0.9046}, {'Metal': 0.6783}, {'Glass': 0.7657}, {'Plastic': 0.8089}, {'Styrofoam': 0.9187}, {'Plastic bag': 0.9049}, {'Battery': 0.0}, {'Clothing': 0.1823}]

Train on Epoch 29
Epoch [29/60], Step [25/655],                         Loss: 0.1336, mIoU: 0.7468
Epoch [29/60], Step [50/655],                         Loss: 0.1619, mIoU: 0.7565
Epoch [29/60], Step [75/655],                         Loss: 0.0763, mIoU: 0.7604
Epoch [29/60], Step [100/655],                         Loss: 0.1028, mIoU: 0.7703
Epoch [29/60], Step [125/655],                         Loss: 0.1523, mIoU: 0.7741
Epoch [29/60], Step [150/655],                         Loss: 0.2559, mIoU: 0.7759
Epoch [29/60], Step [175/655],                         Loss: 0.0753, mIoU: 0.7725
Epoch [29/60], Step [200/655],                         Loss: 0.072, mIoU: 0.7701
Epoch [29/60], Step [225/655],                         Loss: 0.1154, mIoU: 0.7691
Epoch [29/60], Step [250/655],                         Loss: 0.8178, mIoU: 0.7639
Epoch [29/60], Step [275/655],                         Loss: 0.111, mIoU: 0.7617
Epoch [29/60], Step [300/655],                         Loss: 0.1169, mIoU: 0.7574
Epoch [29/60], Step [325/655],                         Loss: 0.1021, mIoU: 0.7572
Epoch [29/60], Step [350/655],                         Loss: 0.1525, mIoU: 0.756
Epoch [29/60], Step [375/655],                         Loss: 0.0897, mIoU: 0.7582
Epoch [29/60], Step [400/655],                         Loss: 0.4181, mIoU: 0.7558
Epoch [29/60], Step [425/655],                         Loss: 0.0549, mIoU: 0.7553
Epoch [29/60], Step [450/655],                         Loss: 0.3483, mIoU: 0.7532
Epoch [29/60], Step [475/655],                         Loss: 0.1293, mIoU: 0.7523
Epoch [29/60], Step [500/655],                         Loss: 0.1898, mIoU: 0.7496
Epoch [29/60], Step [525/655],                         Loss: 0.2084, mIoU: 0.7502
Epoch [29/60], Step [550/655],                         Loss: 0.2537, mIoU: 0.7494
Epoch [29/60], Step [575/655],                         Loss: 0.108, mIoU: 0.75
Epoch [29/60], Step [600/655],                         Loss: 0.137, mIoU: 0.7491
Epoch [29/60], Step [625/655],                         Loss: 0.1392, mIoU: 0.7497
Epoch [29/60], Step [650/655],                         Loss: 0.137, mIoU: 0.7493

Validation on Epoch 30
Validation #29  Average Loss: 0.1004, Accuracy : 0.9786,                 mIoU: 0.792
IoU by class : [{'Backgroud': 0.9832}, {'General trash': 0.8228}, {'Paper': 0.9281}, {'Paper pack': 0.912}, {'Metal': 0.8609}, {'Glass': 0.7697}, {'Plastic': 0.8249}, {'Styrofoam': 0.9123}, {'Plastic bag': 0.9358}, {'Battery': 0.0}, {'Clothing': 0.762}]

Train on Epoch 30
Epoch [30/60], Step [25/655],                         Loss: 0.14, mIoU: 0.7683
Epoch [30/60], Step [50/655],                         Loss: 0.0881, mIoU: 0.7626
Epoch [30/60], Step [75/655],                         Loss: 0.0885, mIoU: 0.7646
Epoch [30/60], Step [100/655],                         Loss: 0.1558, mIoU: 0.7647
Epoch [30/60], Step [125/655],                         Loss: 0.2574, mIoU: 0.7468
Epoch [30/60], Step [150/655],                         Loss: 0.1645, mIoU: 0.7398
Epoch [30/60], Step [175/655],                         Loss: 0.1003, mIoU: 0.7411
Epoch [30/60], Step [200/655],                         Loss: 0.1981, mIoU: 0.7438
Epoch [30/60], Step [225/655],                         Loss: 0.0881, mIoU: 0.7419
Epoch [30/60], Step [250/655],                         Loss: 0.1476, mIoU: 0.745
Epoch [30/60], Step [275/655],                         Loss: 0.1017, mIoU: 0.7472
Epoch [30/60], Step [300/655],                         Loss: 0.066, mIoU: 0.7479
Epoch [30/60], Step [325/655],                         Loss: 0.1044, mIoU: 0.745
Epoch [30/60], Step [350/655],                         Loss: 0.1708, mIoU: 0.7444
Epoch [30/60], Step [375/655],                         Loss: 0.1241, mIoU: 0.7409
Epoch [30/60], Step [400/655],                         Loss: 0.0744, mIoU: 0.7426
